{"/Users/chasewestover/Desktop/Rithm/w07/1/express-messagely/app.js": {"path":"/Users/chasewestover/Desktop/Rithm/w07/1/express-messagely/app.js","statementMap":{"0":{"start":{"line":6,"column":16},"end":{"line":6,"column":34}},"1":{"start":{"line":7,"column":13},"end":{"line":7,"column":28}},"2":{"start":{"line":8,"column":28},"end":{"line":8,"column":56}},"3":{"start":{"line":10,"column":26},"end":{"line":10,"column":51}},"4":{"start":{"line":11,"column":12},"end":{"line":11,"column":25}},"5":{"start":{"line":14,"column":0},"end":{"line":14,"column":24}},"6":{"start":{"line":15,"column":0},"end":{"line":15,"column":48}},"7":{"start":{"line":18,"column":0},"end":{"line":18,"column":16}},"8":{"start":{"line":21,"column":0},"end":{"line":21,"column":25}},"9":{"start":{"line":25,"column":19},"end":{"line":25,"column":43}},"10":{"start":{"line":26,"column":19},"end":{"line":26,"column":44}},"11":{"start":{"line":27,"column":22},"end":{"line":27,"column":50}},"12":{"start":{"line":29,"column":0},"end":{"line":29,"column":29}},"13":{"start":{"line":30,"column":0},"end":{"line":30,"column":30}},"14":{"start":{"line":31,"column":0},"end":{"line":31,"column":36}},"15":{"start":{"line":35,"column":0},"end":{"line":37,"column":3}},"16":{"start":{"line":36,"column":2},"end":{"line":36,"column":35}},"17":{"start":{"line":40,"column":0},"end":{"line":45,"column":3}},"18":{"start":{"line":41,"column":17},"end":{"line":41,"column":34}},"19":{"start":{"line":42,"column":18},"end":{"line":42,"column":29}},"20":{"start":{"line":43,"column":2},"end":{"line":43,"column":72}},"21":{"start":{"line":43,"column":39},"end":{"line":43,"column":72}},"22":{"start":{"line":44,"column":2},"end":{"line":44,"column":65}},"23":{"start":{"line":50,"column":0},"end":{"line":50,"column":21}}},"fnMap":{"0":{"name":"(anonymous_0)","decl":{"start":{"line":35,"column":8},"end":{"line":35,"column":9}},"loc":{"start":{"line":35,"column":34},"end":{"line":37,"column":1}},"line":35},"1":{"name":"(anonymous_1)","decl":{"start":{"line":40,"column":8},"end":{"line":40,"column":9}},"loc":{"start":{"line":40,"column":39},"end":{"line":45,"column":1}},"line":40}},"branchMap":{"0":{"loc":{"start":{"line":41,"column":17},"end":{"line":41,"column":34}},"type":"binary-expr","locations":[{"start":{"line":41,"column":17},"end":{"line":41,"column":27}},{"start":{"line":41,"column":31},"end":{"line":41,"column":34}}],"line":41},"1":{"loc":{"start":{"line":43,"column":2},"end":{"line":43,"column":72}},"type":"if","locations":[{"start":{"line":43,"column":2},"end":{"line":43,"column":72}},{"start":{"line":43,"column":2},"end":{"line":43,"column":72}}],"line":43}},"s":{"0":2,"1":2,"2":2,"3":2,"4":2,"5":2,"6":2,"7":2,"8":2,"9":2,"10":2,"11":2,"12":2,"13":2,"14":2,"15":2,"16":0,"17":2,"18":6,"19":6,"20":6,"21":0,"22":6,"23":2},"f":{"0":0,"1":6},"b":{"0":[6,0],"1":[0,6]},"_coverageSchema":"1a1c01bbd47fc00a2c39e90264f33305004495a9","hash":"3f1bb48dca2efc80db775022dc3c66436fe4b790"}
,"/Users/chasewestover/Desktop/Rithm/w07/1/express-messagely/config.js": {"path":"/Users/chasewestover/Desktop/Rithm/w07/1/express-messagely/config.js","statementMap":{"0":{"start":{"line":7,"column":0},"end":{"line":7,"column":27}},"1":{"start":{"line":9,"column":15},"end":{"line":11,"column":31}},"2":{"start":{"line":13,"column":19},"end":{"line":13,"column":53}},"3":{"start":{"line":15,"column":27},"end":{"line":15,"column":29}},"4":{"start":{"line":18,"column":0},"end":{"line":22,"column":2}}},"fnMap":{},"branchMap":{"0":{"loc":{"start":{"line":9,"column":15},"end":{"line":11,"column":31}},"type":"cond-expr","locations":[{"start":{"line":10,"column":6},"end":{"line":10,"column":36}},{"start":{"line":11,"column":6},"end":{"line":11,"column":31}}],"line":9},"1":{"loc":{"start":{"line":13,"column":19},"end":{"line":13,"column":53}},"type":"binary-expr","locations":[{"start":{"line":13,"column":19},"end":{"line":13,"column":41}},{"start":{"line":13,"column":45},"end":{"line":13,"column":53}}],"line":13}},"s":{"0":4,"1":4,"2":4,"3":4,"4":4},"f":{},"b":{"0":[4,0],"1":[4,4]},"_coverageSchema":"1a1c01bbd47fc00a2c39e90264f33305004495a9","hash":"97705bb938d5934df98053102504501992d6cf21"}
,"/Users/chasewestover/Desktop/Rithm/w07/1/express-messagely/db.js": {"path":"/Users/chasewestover/Desktop/Rithm/w07/1/express-messagely/db.js","statementMap":{"0":{"start":{"line":6,"column":19},"end":{"line":6,"column":32}},"1":{"start":{"line":7,"column":19},"end":{"line":7,"column":38}},"2":{"start":{"line":9,"column":11},"end":{"line":9,"column":29}},"3":{"start":{"line":11,"column":0},"end":{"line":11,"column":13}},"4":{"start":{"line":14,"column":0},"end":{"line":14,"column":20}}},"fnMap":{},"branchMap":{},"s":{"0":4,"1":4,"2":4,"3":4,"4":4},"f":{},"b":{},"_coverageSchema":"1a1c01bbd47fc00a2c39e90264f33305004495a9","hash":"2b3138cece444c44afe67f00783c143136e23f2c"}
,"/Users/chasewestover/Desktop/Rithm/w07/1/express-messagely/expressError.js": {"path":"/Users/chasewestover/Desktop/Rithm/w07/1/express-messagely/expressError.js","statementMap":{"0":{"start":{"line":9,"column":4},"end":{"line":9,"column":12}},"1":{"start":{"line":10,"column":4},"end":{"line":10,"column":27}},"2":{"start":{"line":11,"column":4},"end":{"line":11,"column":25}},"3":{"start":{"line":19,"column":4},"end":{"line":19,"column":24}},"4":{"start":{"line":27,"column":4},"end":{"line":27,"column":24}},"5":{"start":{"line":35,"column":4},"end":{"line":35,"column":24}},"6":{"start":{"line":43,"column":4},"end":{"line":43,"column":24}},"7":{"start":{"line":47,"column":0},"end":{"line":53,"column":2}}},"fnMap":{"0":{"name":"(anonymous_0)","decl":{"start":{"line":8,"column":2},"end":{"line":8,"column":3}},"loc":{"start":{"line":8,"column":31},"end":{"line":12,"column":3}},"line":8},"1":{"name":"(anonymous_1)","decl":{"start":{"line":18,"column":2},"end":{"line":18,"column":3}},"loc":{"start":{"line":18,"column":37},"end":{"line":20,"column":3}},"line":18},"2":{"name":"(anonymous_2)","decl":{"start":{"line":26,"column":2},"end":{"line":26,"column":3}},"loc":{"start":{"line":26,"column":40},"end":{"line":28,"column":3}},"line":26},"3":{"name":"(anonymous_3)","decl":{"start":{"line":34,"column":2},"end":{"line":34,"column":3}},"loc":{"start":{"line":34,"column":39},"end":{"line":36,"column":3}},"line":34},"4":{"name":"(anonymous_4)","decl":{"start":{"line":42,"column":2},"end":{"line":42,"column":3}},"loc":{"start":{"line":42,"column":39},"end":{"line":44,"column":3}},"line":42}},"branchMap":{"0":{"loc":{"start":{"line":18,"column":14},"end":{"line":18,"column":35}},"type":"default-arg","locations":[{"start":{"line":18,"column":24},"end":{"line":18,"column":35}}],"line":18},"1":{"loc":{"start":{"line":26,"column":14},"end":{"line":26,"column":38}},"type":"default-arg","locations":[{"start":{"line":26,"column":24},"end":{"line":26,"column":38}}],"line":26},"2":{"loc":{"start":{"line":34,"column":14},"end":{"line":34,"column":37}},"type":"default-arg","locations":[{"start":{"line":34,"column":24},"end":{"line":34,"column":37}}],"line":34},"3":{"loc":{"start":{"line":42,"column":14},"end":{"line":42,"column":37}},"type":"default-arg","locations":[{"start":{"line":42,"column":24},"end":{"line":42,"column":37}}],"line":42}},"s":{"0":6,"1":6,"2":6,"3":0,"4":4,"5":2,"6":0,"7":4},"f":{"0":6,"1":0,"2":4,"3":2,"4":0},"b":{"0":[0],"1":[4],"2":[0],"3":[0]},"_coverageSchema":"1a1c01bbd47fc00a2c39e90264f33305004495a9","hash":"f6a64daca4e3a55e67be7870bfadf7b6d49ba970"}
,"/Users/chasewestover/Desktop/Rithm/w07/1/express-messagely/middleware/auth.js": {"path":"/Users/chasewestover/Desktop/Rithm/w07/1/express-messagely/middleware/auth.js","statementMap":{"0":{"start":{"line":5,"column":12},"end":{"line":5,"column":35}},"1":{"start":{"line":7,"column":23},"end":{"line":7,"column":43}},"2":{"start":{"line":8,"column":30},"end":{"line":8,"column":56}},"3":{"start":{"line":9,"column":16},"end":{"line":9,"column":44}},"4":{"start":{"line":15,"column":2},"end":{"line":23,"column":3}},"5":{"start":{"line":16,"column":26},"end":{"line":16,"column":41}},"6":{"start":{"line":17,"column":20},"end":{"line":17,"column":57}},"7":{"start":{"line":18,"column":4},"end":{"line":18,"column":30}},"8":{"start":{"line":19,"column":4},"end":{"line":19,"column":18}},"9":{"start":{"line":22,"column":4},"end":{"line":22,"column":18}},"10":{"start":{"line":29,"column":2},"end":{"line":37,"column":3}},"11":{"start":{"line":30,"column":4},"end":{"line":34,"column":5}},"12":{"start":{"line":31,"column":6},"end":{"line":31,"column":36}},"13":{"start":{"line":33,"column":6},"end":{"line":33,"column":20}},"14":{"start":{"line":36,"column":4},"end":{"line":36,"column":21}},"15":{"start":{"line":43,"column":2},"end":{"line":52,"column":3}},"16":{"start":{"line":44,"column":4},"end":{"line":49,"column":5}},"17":{"start":{"line":46,"column":6},"end":{"line":46,"column":36}},"18":{"start":{"line":48,"column":6},"end":{"line":48,"column":20}},"19":{"start":{"line":51,"column":4},"end":{"line":51,"column":21}},"20":{"start":{"line":57,"column":14},"end":{"line":57,"column":46}},"21":{"start":{"line":58,"column":2},"end":{"line":58,"column":27}},"22":{"start":{"line":59,"column":20},"end":{"line":59,"column":66}},"23":{"start":{"line":60,"column":2},"end":{"line":60,"column":51}},"24":{"start":{"line":61,"column":2},"end":{"line":66,"column":3}},"25":{"start":{"line":63,"column":4},"end":{"line":63,"column":40}},"26":{"start":{"line":65,"column":4},"end":{"line":65,"column":18}},"27":{"start":{"line":71,"column":14},"end":{"line":71,"column":46}},"28":{"start":{"line":72,"column":2},"end":{"line":72,"column":27}},"29":{"start":{"line":73,"column":19},"end":{"line":73,"column":39}},"30":{"start":{"line":74,"column":2},"end":{"line":79,"column":3}},"31":{"start":{"line":76,"column":4},"end":{"line":76,"column":40}},"32":{"start":{"line":78,"column":4},"end":{"line":78,"column":18}},"33":{"start":{"line":83,"column":0},"end":{"line":89,"column":2}}},"fnMap":{"0":{"name":"authenticateJWT","decl":{"start":{"line":14,"column":9},"end":{"line":14,"column":24}},"loc":{"start":{"line":14,"column":41},"end":{"line":24,"column":1}},"line":14},"1":{"name":"ensureLoggedIn","decl":{"start":{"line":28,"column":9},"end":{"line":28,"column":23}},"loc":{"start":{"line":28,"column":40},"end":{"line":38,"column":1}},"line":28},"2":{"name":"ensureCorrectUser","decl":{"start":{"line":42,"column":9},"end":{"line":42,"column":26}},"loc":{"start":{"line":42,"column":43},"end":{"line":53,"column":1}},"line":42},"3":{"name":"ensureUserConnMsg","decl":{"start":{"line":56,"column":15},"end":{"line":56,"column":32}},"loc":{"start":{"line":56,"column":49},"end":{"line":67,"column":1}},"line":56},"4":{"name":"ensureMsgToUser","decl":{"start":{"line":70,"column":15},"end":{"line":70,"column":30}},"loc":{"start":{"line":70,"column":47},"end":{"line":80,"column":1}},"line":70}},"branchMap":{"0":{"loc":{"start":{"line":30,"column":4},"end":{"line":34,"column":5}},"type":"if","locations":[{"start":{"line":30,"column":4},"end":{"line":34,"column":5}},{"start":{"line":30,"column":4},"end":{"line":34,"column":5}}],"line":30},"1":{"loc":{"start":{"line":44,"column":4},"end":{"line":49,"column":5}},"type":"if","locations":[{"start":{"line":44,"column":4},"end":{"line":49,"column":5}},{"start":{"line":44,"column":4},"end":{"line":49,"column":5}}],"line":44},"2":{"loc":{"start":{"line":44,"column":8},"end":{"line":45,"column":56}},"type":"binary-expr","locations":[{"start":{"line":44,"column":8},"end":{"line":44,"column":24}},{"start":{"line":45,"column":8},"end":{"line":45,"column":56}}],"line":44},"3":{"loc":{"start":{"line":61,"column":2},"end":{"line":66,"column":3}},"type":"if","locations":[{"start":{"line":61,"column":2},"end":{"line":66,"column":3}},{"start":{"line":61,"column":2},"end":{"line":66,"column":3}}],"line":61},"4":{"loc":{"start":{"line":61,"column":6},"end":{"line":62,"column":52}},"type":"binary-expr","locations":[{"start":{"line":61,"column":6},"end":{"line":61,"column":22}},{"start":{"line":62,"column":6},"end":{"line":62,"column":52}}],"line":61},"5":{"loc":{"start":{"line":74,"column":2},"end":{"line":79,"column":3}},"type":"if","locations":[{"start":{"line":74,"column":2},"end":{"line":79,"column":3}},{"start":{"line":74,"column":2},"end":{"line":79,"column":3}}],"line":74},"6":{"loc":{"start":{"line":74,"column":6},"end":{"line":75,"column":43}},"type":"binary-expr","locations":[{"start":{"line":74,"column":6},"end":{"line":74,"column":22}},{"start":{"line":75,"column":6},"end":{"line":75,"column":43}}],"line":74}},"s":{"0":2,"1":2,"2":2,"3":2,"4":12,"5":12,"6":12,"7":4,"8":4,"9":8,"10":2,"11":2,"12":1,"13":1,"14":1,"15":6,"16":6,"17":3,"18":3,"19":3,"20":0,"21":0,"22":0,"23":0,"24":0,"25":0,"26":0,"27":0,"28":0,"29":0,"30":0,"31":0,"32":0,"33":2},"f":{"0":12,"1":2,"2":6,"3":0,"4":0},"b":{"0":[1,1],"1":[3,3],"2":[6,3],"3":[0,0],"4":[0,0],"5":[0,0],"6":[0,0]},"_coverageSchema":"1a1c01bbd47fc00a2c39e90264f33305004495a9","hash":"165a6df94d1fde8f879c4a1f9edc1b0a52590bd6"}
,"/Users/chasewestover/Desktop/Rithm/w07/1/express-messagely/models/message.js": {"path":"/Users/chasewestover/Desktop/Rithm/w07/1/express-messagely/models/message.js","statementMap":{"0":{"start":{"line":5,"column":26},"end":{"line":5,"column":52}},"1":{"start":{"line":6,"column":11},"end":{"line":6,"column":27}},"2":{"start":{"line":17,"column":19},"end":{"line":25,"column":43}},"3":{"start":{"line":27,"column":4},"end":{"line":27,"column":26}},"4":{"start":{"line":33,"column":19},"end":{"line":38,"column":13}},"5":{"start":{"line":39,"column":20},"end":{"line":39,"column":34}},"6":{"start":{"line":41,"column":4},"end":{"line":41,"column":68}},"7":{"start":{"line":41,"column":18},"end":{"line":41,"column":68}},"8":{"start":{"line":43,"column":4},"end":{"line":43,"column":19}},"9":{"start":{"line":55,"column":19},"end":{"line":72,"column":13}},"10":{"start":{"line":74,"column":12},"end":{"line":74,"column":26}},"11":{"start":{"line":76,"column":4},"end":{"line":76,"column":62}},"12":{"start":{"line":76,"column":12},"end":{"line":76,"column":62}},"13":{"start":{"line":78,"column":4},"end":{"line":95,"column":6}},"14":{"start":{"line":100,"column":0},"end":{"line":100,"column":25}}},"fnMap":{"0":{"name":"(anonymous_0)","decl":{"start":{"line":16,"column":2},"end":{"line":16,"column":3}},"loc":{"start":{"line":16,"column":60},"end":{"line":28,"column":3}},"line":16},"1":{"name":"(anonymous_1)","decl":{"start":{"line":32,"column":2},"end":{"line":32,"column":3}},"loc":{"start":{"line":32,"column":28},"end":{"line":44,"column":3}},"line":32},"2":{"name":"(anonymous_2)","decl":{"start":{"line":54,"column":2},"end":{"line":54,"column":3}},"loc":{"start":{"line":54,"column":23},"end":{"line":96,"column":3}},"line":54}},"branchMap":{"0":{"loc":{"start":{"line":41,"column":4},"end":{"line":41,"column":68}},"type":"if","locations":[{"start":{"line":41,"column":4},"end":{"line":41,"column":68}},{"start":{"line":41,"column":4},"end":{"line":41,"column":68}}],"line":41},"1":{"loc":{"start":{"line":76,"column":4},"end":{"line":76,"column":62}},"type":"if","locations":[{"start":{"line":76,"column":4},"end":{"line":76,"column":62}},{"start":{"line":76,"column":4},"end":{"line":76,"column":62}}],"line":76}},"s":{"0":4,"1":4,"2":20,"3":20,"4":1,"5":1,"6":1,"7":0,"8":1,"9":1,"10":1,"11":1,"12":0,"13":1,"14":4},"f":{"0":20,"1":1,"2":1},"b":{"0":[0,1],"1":[0,1]},"_coverageSchema":"1a1c01bbd47fc00a2c39e90264f33305004495a9","hash":"03ca9eae5bee08f7869d35e0bf955f0492a79eb3"}
,"/Users/chasewestover/Desktop/Rithm/w07/1/express-messagely/models/user.js": {"path":"/Users/chasewestover/Desktop/Rithm/w07/1/express-messagely/models/user.js","statementMap":{"0":{"start":{"line":2,"column":11},"end":{"line":2,"column":27}},"1":{"start":{"line":3,"column":15},"end":{"line":3,"column":32}},"2":{"start":{"line":4,"column":26},"end":{"line":4,"column":52}},"3":{"start":{"line":20,"column":22},"end":{"line":20,"column":53}},"4":{"start":{"line":21,"column":19},"end":{"line":26,"column":59}},"5":{"start":{"line":27,"column":4},"end":{"line":27,"column":26}},"6":{"start":{"line":33,"column":19},"end":{"line":35,"column":18}},"7":{"start":{"line":36,"column":4},"end":{"line":40,"column":5}},"8":{"start":{"line":37,"column":24},"end":{"line":37,"column":47}},"9":{"start":{"line":38,"column":20},"end":{"line":38,"column":61}},"10":{"start":{"line":39,"column":6},"end":{"line":39,"column":19}},"11":{"start":{"line":46,"column":19},"end":{"line":49,"column":18}},"12":{"start":{"line":56,"column":19},"end":{"line":59,"column":6}},"13":{"start":{"line":60,"column":4},"end":{"line":60,"column":22}},"14":{"start":{"line":73,"column":19},"end":{"line":77,"column":18}},"15":{"start":{"line":78,"column":4},"end":{"line":80,"column":5}},"16":{"start":{"line":79,"column":6},"end":{"line":79,"column":48}},"17":{"start":{"line":81,"column":4},"end":{"line":81,"column":25}},"18":{"start":{"line":93,"column":19},"end":{"line":99,"column":18}},"19":{"start":{"line":101,"column":4},"end":{"line":112,"column":8}},"20":{"start":{"line":101,"column":33},"end":{"line":112,"column":5}},"21":{"start":{"line":125,"column":19},"end":{"line":131,"column":18}},"22":{"start":{"line":132,"column":4},"end":{"line":143,"column":8}},"23":{"start":{"line":132,"column":33},"end":{"line":143,"column":5}},"24":{"start":{"line":148,"column":0},"end":{"line":148,"column":22}}},"fnMap":{"0":{"name":"(anonymous_0)","decl":{"start":{"line":15,"column":2},"end":{"line":15,"column":3}},"loc":{"start":{"line":15,"column":78},"end":{"line":28,"column":3}},"line":15},"1":{"name":"(anonymous_1)","decl":{"start":{"line":32,"column":2},"end":{"line":32,"column":3}},"loc":{"start":{"line":32,"column":48},"end":{"line":41,"column":3}},"line":32},"2":{"name":"(anonymous_2)","decl":{"start":{"line":45,"column":2},"end":{"line":45,"column":3}},"loc":{"start":{"line":45,"column":46},"end":{"line":50,"column":3}},"line":45},"3":{"name":"(anonymous_3)","decl":{"start":{"line":55,"column":2},"end":{"line":55,"column":3}},"loc":{"start":{"line":55,"column":21},"end":{"line":61,"column":3}},"line":55},"4":{"name":"(anonymous_4)","decl":{"start":{"line":72,"column":2},"end":{"line":72,"column":3}},"loc":{"start":{"line":72,"column":29},"end":{"line":82,"column":3}},"line":72},"5":{"name":"(anonymous_5)","decl":{"start":{"line":92,"column":2},"end":{"line":92,"column":3}},"loc":{"start":{"line":92,"column":38},"end":{"line":114,"column":3}},"line":92},"6":{"name":"(anonymous_6)","decl":{"start":{"line":101,"column":27},"end":{"line":101,"column":28}},"loc":{"start":{"line":101,"column":33},"end":{"line":112,"column":5}},"line":101},"7":{"name":"(anonymous_7)","decl":{"start":{"line":124,"column":2},"end":{"line":124,"column":3}},"loc":{"start":{"line":124,"column":36},"end":{"line":144,"column":3}},"line":124},"8":{"name":"(anonymous_8)","decl":{"start":{"line":132,"column":27},"end":{"line":132,"column":28}},"loc":{"start":{"line":132,"column":33},"end":{"line":143,"column":5}},"line":132}},"branchMap":{"0":{"loc":{"start":{"line":36,"column":4},"end":{"line":40,"column":5}},"type":"if","locations":[{"start":{"line":36,"column":4},"end":{"line":40,"column":5}},{"start":{"line":36,"column":4},"end":{"line":40,"column":5}}],"line":36},"1":{"loc":{"start":{"line":78,"column":4},"end":{"line":80,"column":5}},"type":"if","locations":[{"start":{"line":78,"column":4},"end":{"line":80,"column":5}},{"start":{"line":78,"column":4},"end":{"line":80,"column":5}}],"line":78}},"s":{"0":4,"1":4,"2":4,"3":37,"4":37,"5":37,"6":5,"7":5,"8":4,"9":4,"10":4,"11":2,"12":2,"13":2,"14":4,"15":4,"16":0,"17":4,"18":2,"19":2,"20":2,"21":2,"22":2,"23":2,"24":4},"f":{"0":37,"1":5,"2":2,"3":2,"4":4,"5":2,"6":2,"7":2,"8":2},"b":{"0":[4,1],"1":[0,4]},"_coverageSchema":"1a1c01bbd47fc00a2c39e90264f33305004495a9","hash":"e09affdc4d159e3b1c52492c37aad05393a0d6cb"}
,"/Users/chasewestover/Desktop/Rithm/w07/1/express-messagely/routes/auth.js": {"path":"/Users/chasewestover/Desktop/Rithm/w07/1/express-messagely/routes/auth.js","statementMap":{"0":{"start":{"line":3,"column":15},"end":{"line":3,"column":40}},"1":{"start":{"line":4,"column":15},"end":{"line":4,"column":27}},"2":{"start":{"line":5,"column":13},"end":{"line":5,"column":38}},"3":{"start":{"line":6,"column":12},"end":{"line":6,"column":35}},"4":{"start":{"line":7,"column":21},"end":{"line":7,"column":41}},"5":{"start":{"line":8,"column":26},"end":{"line":8,"column":52}},"6":{"start":{"line":11,"column":0},"end":{"line":20,"column":3}},"7":{"start":{"line":12,"column":33},"end":{"line":12,"column":41}},"8":{"start":{"line":13,"column":4},"end":{"line":19,"column":5}},"9":{"start":{"line":14,"column":20},"end":{"line":14,"column":54}},"10":{"start":{"line":15,"column":8},"end":{"line":15,"column":44}},"11":{"start":{"line":16,"column":8},"end":{"line":16,"column":35}},"12":{"start":{"line":18,"column":8},"end":{"line":18,"column":59}},"13":{"start":{"line":28,"column":0},"end":{"line":39,"column":3}},"14":{"start":{"line":29,"column":63},"end":{"line":29,"column":71}},"15":{"start":{"line":30,"column":4},"end":{"line":30,"column":28}},"16":{"start":{"line":31,"column":4},"end":{"line":38,"column":5}},"17":{"start":{"line":32,"column":8},"end":{"line":32,"column":79}},"18":{"start":{"line":34,"column":20},"end":{"line":34,"column":54}},"19":{"start":{"line":35,"column":8},"end":{"line":35,"column":35}},"20":{"start":{"line":37,"column":8},"end":{"line":37,"column":22}},"21":{"start":{"line":41,"column":0},"end":{"line":41,"column":24}}},"fnMap":{"0":{"name":"(anonymous_0)","decl":{"start":{"line":11,"column":22},"end":{"line":11,"column":23}},"loc":{"start":{"line":11,"column":54},"end":{"line":20,"column":1}},"line":11},"1":{"name":"(anonymous_1)","decl":{"start":{"line":28,"column":25},"end":{"line":28,"column":26}},"loc":{"start":{"line":28,"column":57},"end":{"line":39,"column":1}},"line":28}},"branchMap":{"0":{"loc":{"start":{"line":13,"column":4},"end":{"line":19,"column":5}},"type":"if","locations":[{"start":{"line":13,"column":4},"end":{"line":19,"column":5}},{"start":{"line":13,"column":4},"end":{"line":19,"column":5}}],"line":13}},"s":{"0":2,"1":2,"2":2,"3":2,"4":2,"5":2,"6":2,"7":3,"8":3,"9":1,"10":1,"11":1,"12":2,"13":2,"14":1,"15":1,"16":1,"17":1,"18":1,"19":1,"20":0,"21":2},"f":{"0":3,"1":1},"b":{"0":[1,2]},"_coverageSchema":"1a1c01bbd47fc00a2c39e90264f33305004495a9","hash":"881a8f02a7bb85953a2a20e9614cc60dfea9a780"}
,"/Users/chasewestover/Desktop/Rithm/w07/1/express-messagely/routes/messages.js": {"path":"/Users/chasewestover/Desktop/Rithm/w07/1/express-messagely/routes/messages.js","statementMap":{"0":{"start":{"line":3,"column":15},"end":{"line":3,"column":40}},"1":{"start":{"line":4,"column":15},"end":{"line":4,"column":27}},"2":{"start":{"line":5,"column":63},"end":{"line":5,"column":95}},"3":{"start":{"line":6,"column":16},"end":{"line":6,"column":44}},"4":{"start":{"line":21,"column":0},"end":{"line":23,"column":2}},"5":{"start":{"line":22,"column":4},"end":{"line":22,"column":53}},"6":{"start":{"line":34,"column":0},"end":{"line":40,"column":2}},"7":{"start":{"line":35,"column":32},"end":{"line":35,"column":40}},"8":{"start":{"line":36,"column":24},"end":{"line":36,"column":48}},"9":{"start":{"line":37,"column":18},"end":{"line":37,"column":76}},"10":{"start":{"line":39,"column":4},"end":{"line":39,"column":32}},"11":{"start":{"line":50,"column":0},"end":{"line":59,"column":2}},"12":{"start":{"line":51,"column":14},"end":{"line":51,"column":32}},"13":{"start":{"line":52,"column":4},"end":{"line":52,"column":41}},"14":{"start":{"line":54,"column":18},"end":{"line":57,"column":5}},"15":{"start":{"line":58,"column":4},"end":{"line":58,"column":30}},"16":{"start":{"line":64,"column":0},"end":{"line":64,"column":24}}},"fnMap":{"0":{"name":"(anonymous_0)","decl":{"start":{"line":21,"column":38},"end":{"line":21,"column":39}},"loc":{"start":{"line":21,"column":70},"end":{"line":23,"column":1}},"line":21},"1":{"name":"(anonymous_1)","decl":{"start":{"line":34,"column":33},"end":{"line":34,"column":34}},"loc":{"start":{"line":34,"column":65},"end":{"line":40,"column":1}},"line":34},"2":{"name":"(anonymous_2)","decl":{"start":{"line":50,"column":42},"end":{"line":50,"column":43}},"loc":{"start":{"line":50,"column":74},"end":{"line":59,"column":1}},"line":50}},"branchMap":{},"s":{"0":2,"1":2,"2":2,"3":2,"4":2,"5":0,"6":2,"7":0,"8":0,"9":0,"10":0,"11":2,"12":0,"13":0,"14":0,"15":0,"16":2},"f":{"0":0,"1":0,"2":0},"b":{},"_coverageSchema":"1a1c01bbd47fc00a2c39e90264f33305004495a9","hash":"7ea2441490e6d5d9ae39c4bd29c71b2a38934d36"}
,"/Users/chasewestover/Desktop/Rithm/w07/1/express-messagely/routes/users.js": {"path":"/Users/chasewestover/Desktop/Rithm/w07/1/express-messagely/routes/users.js","statementMap":{"0":{"start":{"line":3,"column":15},"end":{"line":3,"column":40}},"1":{"start":{"line":4,"column":46},"end":{"line":4,"column":78}},"2":{"start":{"line":5,"column":15},"end":{"line":5,"column":27}},"3":{"start":{"line":6,"column":13},"end":{"line":6,"column":38}},"4":{"start":{"line":15,"column":0},"end":{"line":18,"column":3}},"5":{"start":{"line":16,"column":17},"end":{"line":16,"column":33}},"6":{"start":{"line":17,"column":4},"end":{"line":17,"column":39}},"7":{"start":{"line":27,"column":0},"end":{"line":30,"column":2}},"8":{"start":{"line":28,"column":17},"end":{"line":28,"column":52}},"9":{"start":{"line":29,"column":4},"end":{"line":29,"column":38}},"10":{"start":{"line":42,"column":0},"end":{"line":45,"column":3}},"11":{"start":{"line":43,"column":17},"end":{"line":43,"column":59}},"12":{"start":{"line":44,"column":4},"end":{"line":44,"column":42}},"13":{"start":{"line":58,"column":0},"end":{"line":61,"column":3}},"14":{"start":{"line":59,"column":17},"end":{"line":59,"column":61}},"15":{"start":{"line":60,"column":4},"end":{"line":60,"column":42}},"16":{"start":{"line":63,"column":0},"end":{"line":63,"column":24}}},"fnMap":{"0":{"name":"(anonymous_0)","decl":{"start":{"line":15,"column":32},"end":{"line":15,"column":33}},"loc":{"start":{"line":15,"column":64},"end":{"line":18,"column":1}},"line":15},"1":{"name":"(anonymous_1)","decl":{"start":{"line":27,"column":44},"end":{"line":27,"column":45}},"loc":{"start":{"line":27,"column":76},"end":{"line":30,"column":1}},"line":27},"2":{"name":"(anonymous_2)","decl":{"start":{"line":42,"column":47},"end":{"line":42,"column":48}},"loc":{"start":{"line":42,"column":79},"end":{"line":45,"column":1}},"line":42},"3":{"name":"(anonymous_3)","decl":{"start":{"line":58,"column":49},"end":{"line":58,"column":50}},"loc":{"start":{"line":58,"column":81},"end":{"line":61,"column":1}},"line":58}},"branchMap":{},"s":{"0":2,"1":2,"2":2,"3":2,"4":2,"5":1,"6":1,"7":2,"8":1,"9":1,"10":2,"11":1,"12":1,"13":2,"14":1,"15":1,"16":2},"f":{"0":1,"1":1,"2":1,"3":1},"b":{},"_coverageSchema":"1a1c01bbd47fc00a2c39e90264f33305004495a9","hash":"ea672f94e7b9ae025c3e3ebeb4f1be64c748b8e1"}
}
