TN:
SF:app.js
FN:35,(anonymous_0)
FN:40,(anonymous_1)
FNF:2
FNH:1
FNDA:0,(anonymous_0)
FNDA:6,(anonymous_1)
DA:6,2
DA:7,2
DA:8,2
DA:10,2
DA:11,2
DA:14,2
DA:15,2
DA:18,2
DA:21,2
DA:25,2
DA:26,2
DA:27,2
DA:29,2
DA:30,2
DA:31,2
DA:35,2
DA:36,0
DA:40,2
DA:41,6
DA:42,6
DA:43,6
DA:44,6
DA:50,2
LF:23
LH:22
BRDA:41,0,0,6
BRDA:41,0,1,0
BRDA:43,1,0,0
BRDA:43,1,1,6
BRF:4
BRH:2
end_of_record
TN:
SF:config.js
FNF:0
FNH:0
DA:7,4
DA:9,4
DA:13,4
DA:15,4
DA:18,4
LF:5
LH:5
BRDA:9,0,0,4
BRDA:9,0,1,0
BRDA:13,1,0,4
BRDA:13,1,1,4
BRF:4
BRH:3
end_of_record
TN:
SF:db.js
FNF:0
FNH:0
DA:6,4
DA:7,4
DA:9,4
DA:11,4
DA:14,4
LF:5
LH:5
BRF:0
BRH:0
end_of_record
TN:
SF:expressError.js
FN:8,(anonymous_0)
FN:18,(anonymous_1)
FN:26,(anonymous_2)
FN:34,(anonymous_3)
FN:42,(anonymous_4)
FNF:5
FNH:3
FNDA:6,(anonymous_0)
FNDA:0,(anonymous_1)
FNDA:4,(anonymous_2)
FNDA:2,(anonymous_3)
FNDA:0,(anonymous_4)
DA:9,6
DA:10,6
DA:11,6
DA:19,0
DA:27,4
DA:35,2
DA:43,0
DA:47,4
LF:8
LH:6
BRDA:18,0,0,0
BRDA:26,1,0,4
BRDA:34,2,0,0
BRDA:42,3,0,0
BRF:4
BRH:1
end_of_record
TN:
SF:middleware/auth.js
FN:14,authenticateJWT
FN:28,ensureLoggedIn
FN:42,ensureCorrectUser
FN:56,ensureUserConnMsg
FN:70,ensureMsgToUser
FNF:5
FNH:3
FNDA:12,authenticateJWT
FNDA:2,ensureLoggedIn
FNDA:6,ensureCorrectUser
FNDA:0,ensureUserConnMsg
FNDA:0,ensureMsgToUser
DA:5,2
DA:7,2
DA:8,2
DA:9,2
DA:15,12
DA:16,12
DA:17,12
DA:18,4
DA:19,4
DA:22,8
DA:29,2
DA:30,2
DA:31,1
DA:33,1
DA:36,1
DA:43,6
DA:44,6
DA:46,3
DA:48,3
DA:51,3
DA:57,0
DA:58,0
DA:59,0
DA:60,0
DA:61,0
DA:63,0
DA:65,0
DA:71,0
DA:72,0
DA:73,0
DA:74,0
DA:76,0
DA:78,0
DA:83,2
LF:34
LH:21
BRDA:30,0,0,1
BRDA:30,0,1,1
BRDA:44,1,0,3
BRDA:44,1,1,3
BRDA:44,2,0,6
BRDA:44,2,1,3
BRDA:61,3,0,0
BRDA:61,3,1,0
BRDA:61,4,0,0
BRDA:61,4,1,0
BRDA:74,5,0,0
BRDA:74,5,1,0
BRDA:74,6,0,0
BRDA:74,6,1,0
BRF:14
BRH:6
end_of_record
TN:
SF:models/message.js
FN:16,(anonymous_0)
FN:32,(anonymous_1)
FN:54,(anonymous_2)
FNF:3
FNH:3
FNDA:20,(anonymous_0)
FNDA:1,(anonymous_1)
FNDA:1,(anonymous_2)
DA:5,4
DA:6,4
DA:17,20
DA:27,20
DA:33,1
DA:39,1
DA:41,1
DA:43,1
DA:55,1
DA:74,1
DA:76,1
DA:78,1
DA:100,4
LF:13
LH:13
BRDA:41,0,0,0
BRDA:41,0,1,1
BRDA:76,1,0,0
BRDA:76,1,1,1
BRF:4
BRH:2
end_of_record
TN:
SF:models/user.js
FN:15,(anonymous_0)
FN:32,(anonymous_1)
FN:45,(anonymous_2)
FN:55,(anonymous_3)
FN:72,(anonymous_4)
FN:92,(anonymous_5)
FN:101,(anonymous_6)
FN:124,(anonymous_7)
FN:132,(anonymous_8)
FNF:9
FNH:9
FNDA:37,(anonymous_0)
FNDA:5,(anonymous_1)
FNDA:2,(anonymous_2)
FNDA:2,(anonymous_3)
FNDA:4,(anonymous_4)
FNDA:2,(anonymous_5)
FNDA:2,(anonymous_6)
FNDA:2,(anonymous_7)
FNDA:2,(anonymous_8)
DA:2,4
DA:3,4
DA:4,4
DA:20,37
DA:21,37
DA:27,37
DA:33,5
DA:36,5
DA:37,4
DA:38,4
DA:39,4
DA:46,2
DA:56,2
DA:60,2
DA:73,4
DA:78,4
DA:79,0
DA:81,4
DA:93,2
DA:101,2
DA:125,2
DA:132,2
DA:148,4
LF:23
LH:22
BRDA:36,0,0,4
BRDA:36,0,1,1
BRDA:78,1,0,0
BRDA:78,1,1,4
BRF:4
BRH:3
end_of_record
TN:
SF:routes/auth.js
FN:11,(anonymous_0)
FN:28,(anonymous_1)
FNF:2
FNH:2
FNDA:3,(anonymous_0)
FNDA:1,(anonymous_1)
DA:3,2
DA:4,2
DA:5,2
DA:6,2
DA:7,2
DA:8,2
DA:11,2
DA:12,3
DA:13,3
DA:14,1
DA:15,1
DA:16,1
DA:18,2
DA:28,2
DA:29,1
DA:30,1
DA:31,1
DA:32,1
DA:34,1
DA:35,1
DA:37,0
DA:41,2
LF:22
LH:21
BRDA:13,0,0,1
BRDA:13,0,1,2
BRF:2
BRH:2
end_of_record
TN:
SF:routes/messages.js
FN:21,(anonymous_0)
FN:34,(anonymous_1)
FN:50,(anonymous_2)
FNF:3
FNH:0
FNDA:0,(anonymous_0)
FNDA:0,(anonymous_1)
FNDA:0,(anonymous_2)
DA:3,2
DA:4,2
DA:5,2
DA:6,2
DA:21,2
DA:22,0
DA:34,2
DA:35,0
DA:36,0
DA:37,0
DA:39,0
DA:50,2
DA:51,0
DA:52,0
DA:54,0
DA:58,0
DA:64,2
LF:17
LH:8
BRF:0
BRH:0
end_of_record
TN:
SF:routes/users.js
FN:15,(anonymous_0)
FN:27,(anonymous_1)
FN:42,(anonymous_2)
FN:58,(anonymous_3)
FNF:4
FNH:4
FNDA:1,(anonymous_0)
FNDA:1,(anonymous_1)
FNDA:1,(anonymous_2)
FNDA:1,(anonymous_3)
DA:3,2
DA:4,2
DA:5,2
DA:6,2
DA:15,2
DA:16,1
DA:17,1
DA:27,2
DA:28,1
DA:29,1
DA:42,2
DA:43,1
DA:44,1
DA:58,2
DA:59,1
DA:60,1
DA:63,2
LF:17
LH:17
BRF:0
BRH:0
end_of_record
